    1  passwd
    2  wget www.github.com
    3  ls
    4  git init
    5  ls
    6  pwd
    7  cd home
    8  cd /
    9  ls
   10  cd home
   11  ls
   12  cd /
   13  ls
   14  cd mnt
   15  ls
   16  cd scratch/
   17  ls
   18  cd joshua23fa/
   19  ls
   20  touch
   21  touch --help
   22  git status
   23  git add
   24  ls
   25  touch newfile.txt
   26  ls
   27  git status
   28  git add newfile.txt
   29  git status
   30  commit - m "This is a test commit!"
   31  commit -m "This is a test commit!"
   32  git commit -m "This is a test commit!"
   33  git config --global user.email "joshua.olszewski@sjsu.edu"
   34  git config --global user.name "Joshua Olszewski"
   35  git commit -m "This is a test commit!"
   36  git status
   37  git checkout -b testBranch
   38  git branch
   39  git remote add origin https://github.com/Joshuaolszewski/cs131.git
   40  git branch -M main
   41  git push -u origin main
   42  git remote add origin https://github.com/Joshuaolszewski/cs131.git
   43  git push -u origin master
   44  git config --global user.email "olszjoshua@gmail.com"
   45  git config --global user.name "Joshuaolszewski"
   46  git push -u origin master
   47  history
   48  history > cmds.log
   49  ls
   50  git push
   51  git push -u origin cmds.log
   52  git branch
   53  git branch main
   54  git branch-- help
   55  git branch help
   56  git branch 
   57  git checkout master
   58  ls
   59  git checkout main
   60  ls
   61  git push origin help
   62  git branch
   63  git checkout help
   64  ls
   65  git pull origin master
   66  branch
   67  git branch
   68  git checkout master
   69  git pull origin master
   70  git branch
   71  ls
   72  git push origin master
   73  git checkout main
   74  ls
   75  git push origin cmds.log
   76  git push origin master
   77  git push origin main
   78  git branch test
   79  git checkout test
   80  git branch
   81  mkdir ws1
   82  ls
   83  cd ws1
   84  ls
   85  history cmds.log
   86  history > cmds.log
   87  ls
   88  git push origin test
   89  git checkout master
   90  git branch
   91  git checkout master
   92  rm ws1
   93  ls
   94  pwd
   95  cd ..
   96  ls
   97  rm ws1
   98  rmdir ws1
   99  ls
  100  rm index.html
  101  ls
  102  rm newfile.txt
  103  rm cmds.log
  104  ls
  105  rmdir ws1
  106  cd ws1
  107  ls
  108  rm cmds.log
  109  ls
  110  cd ..
  111  ls
  112  rmdir ws1
  113  ls
  114  git branch
  115  git branch -d help
  116  git branch -D help
  117  ls
  118  git branch
  119  git checkout master
  120  git branch
  121  git branch -d main
  122  git branch -d test
  123  git branch
  124  mkdir ws1
  125  ls
  126  rm ws1
  127  ls
  128  mkdir ws1
  129  ls
  130  git push origin master
  131  git remote add origin https://github.com/Joshuaolszewski/cs131.git
  132  git push help
  133  git push master
  134  git branch
  135  ls
  136  cd ..
  137  ls
  138  cd joshua23fa/
  139  ls
  140  rmdir ws1
  141  ls
  142  rm -fr .git
  143  ls
  144  git branch
  145  git init
  146  git branch
  147  ls
  148  mkdir ws1
  149  ls
  150  git branch
  151  git push origin master
  152  git remote add origin https://github.com/Joshuaolszewski/cs131.git
  153  git push origin master
  154  git remote add origin https://github.com/Joshuaolszewski/cs131.git
  155  git push -u origin master
  156  git branch -M main
  157  git branch
  158  git branch l
  159  git branch hello
  160  git branch main
  161  rm -fr .git
  162  ls
  163  git
  164  git branch
  165  rmdir ws1
  166  ls
  167  cd ..
  168  ls
  169  cd joshua23fa/
  170  ls
  171  git init
  172  git branch -m master
  173  branch
  174  git branch
  175  ls
  176  cd ..
  177  ls
  178  cd joshua23fa/
  179  ls
  180  pwd
  181  git
  182  git help branch
  183  touch newfile.txt
  184  ls
  185  git status
  186  rm newfile.txt 
  187  ls
  188  git status
  189  mkdir ws1
  190  ls
  191  git status
  192  touch newfile.txt
  193  ls
  194  rmdir ws1
  195  ls
  196  git status
  197  git add newfile.txt 
  198  git status
  199  commit -m "test"
  200  git commit -m "test"
  201  git status
  202  git branch
  203  git remote add origin https://github.com/Joshuaolszewski/cs131.git
  204  git push help
  205  git hlep
  206  git help
  207  git help push
  208  git push origin master
  209  git checkout -b folder
  210  git branch
  211  ls
  212  mkdir ws1
  213  ls
  214  cd ws1
  215  ls
  216  history > cmds.log
